Performing C SOURCE FILE Test FEATURE_ssse3_NOFLAG failed with the following output:
Change Dir: /source/mminer/xmrig/build/CMakeFiles/CMakeTmp

Run Build Command:"/usr/bin/make" "cmTC_092f4/fast"
/usr/bin/make -f CMakeFiles/cmTC_092f4.dir/build.make CMakeFiles/cmTC_092f4.dir/build
make[1]: Entering directory '/source/mminer/xmrig/build/CMakeFiles/CMakeTmp'
Building C object CMakeFiles/cmTC_092f4.dir/src.c.o
/usr/bin/cc   -Wall -Wno-strict-aliasing -maes -DFEATURE_ssse3_NOFLAG   -o CMakeFiles/cmTC_092f4.dir/src.c.o   -c /source/mminer/xmrig/build/CMakeFiles/CMakeTmp/src.c
In file included from /usr/lib/gcc/x86_64-linux-gnu/8/include/x86intrin.h:39,
                 from /source/mminer/xmrig/build/CMakeFiles/CMakeTmp/src.c:1:
/source/mminer/xmrig/build/CMakeFiles/CMakeTmp/src.c: In function ‘function_ssse3’:
/usr/lib/gcc/x86_64-linux-gnu/8/include/tmmintrin.h:136:1: error: inlining failed in call to always_inline ‘_mm_shuffle_epi8’: target specific option mismatch
 _mm_shuffle_epi8 (__m128i __X, __m128i __Y)
 ^~~~~~~~~~~~~~~~
/source/mminer/xmrig/build/CMakeFiles/CMakeTmp/src.c:5:12: note: called from here
     *dst = _mm_shuffle_epi8(*a, *b);
            ^~~~~~~~~~~~~~~~~~~~~~~~
make[1]: *** [CMakeFiles/cmTC_092f4.dir/build.make:66: CMakeFiles/cmTC_092f4.dir/src.c.o] Error 1
make[1]: Leaving directory '/source/mminer/xmrig/build/CMakeFiles/CMakeTmp'
make: *** [Makefile:121: cmTC_092f4/fast] Error 2

Source file was:
#include <x86intrin.h>

void function_ssse3(__m128i *dst, const __m128i *a, const __m128i *b)
{
    *dst = _mm_shuffle_epi8(*a, *b);
}

int main(void) { return 0; }

Performing C SOURCE FILE Test FEATURE_xop_NOFLAG failed with the following output:
Change Dir: /source/mminer/xmrig/build/CMakeFiles/CMakeTmp

Run Build Command:"/usr/bin/make" "cmTC_5b7d9/fast"
/usr/bin/make -f CMakeFiles/cmTC_5b7d9.dir/build.make CMakeFiles/cmTC_5b7d9.dir/build
make[1]: Entering directory '/source/mminer/xmrig/build/CMakeFiles/CMakeTmp'
Building C object CMakeFiles/cmTC_5b7d9.dir/src.c.o
/usr/bin/cc   -Wall -Wno-strict-aliasing -maes -DFEATURE_xop_NOFLAG   -o CMakeFiles/cmTC_5b7d9.dir/src.c.o   -c /source/mminer/xmrig/build/CMakeFiles/CMakeTmp/src.c
In file included from /usr/lib/gcc/x86_64-linux-gnu/8/include/x86intrin.h:54,
                 from /source/mminer/xmrig/build/CMakeFiles/CMakeTmp/src.c:1:
/source/mminer/xmrig/build/CMakeFiles/CMakeTmp/src.c: In function ‘function_xop’:
/source/mminer/xmrig/build/CMakeFiles/CMakeTmp/src.c:5:12: error: ‘__builtin_ia32_vprotqi’ needs isa option -m32 -mxop
     *dst = _mm_roti_epi64(*a, b);
            ^~~~~~~~~~~~~~
make[1]: *** [CMakeFiles/cmTC_5b7d9.dir/build.make:66: CMakeFiles/cmTC_5b7d9.dir/src.c.o] Error 1
make[1]: Leaving directory '/source/mminer/xmrig/build/CMakeFiles/CMakeTmp'
make: *** [Makefile:121: cmTC_5b7d9/fast] Error 2

Source file was:
#include <x86intrin.h>

void function_xop(__m128i *dst, const __m128i *a, int b)
{
    *dst = _mm_roti_epi64(*a, b);
}

int main(void) { return 0; }

Performing C SOURCE FILE Test FEATURE_avx2_NOFLAG failed with the following output:
Change Dir: /source/mminer/xmrig/build/CMakeFiles/CMakeTmp

Run Build Command:"/usr/bin/make" "cmTC_86e69/fast"
/usr/bin/make -f CMakeFiles/cmTC_86e69.dir/build.make CMakeFiles/cmTC_86e69.dir/build
make[1]: Entering directory '/source/mminer/xmrig/build/CMakeFiles/CMakeTmp'
Building C object CMakeFiles/cmTC_86e69.dir/src.c.o
/usr/bin/cc   -Wall -Wno-strict-aliasing -maes -DFEATURE_avx2_NOFLAG   -o CMakeFiles/cmTC_86e69.dir/src.c.o   -c /source/mminer/xmrig/build/CMakeFiles/CMakeTmp/src.c
/source/mminer/xmrig/build/CMakeFiles/CMakeTmp/src.c: In function ‘function_avx2’:
/source/mminer/xmrig/build/CMakeFiles/CMakeTmp/src.c:5:10: warning: AVX vector return without AVX enabled changes the ABI [-Wpsabi]
     *dst = _mm256_xor_si256(*a, *b);
     ~~~~~^~~~~~~~~~~~~~~~~~~~~~~~~~
In file included from /usr/lib/gcc/x86_64-linux-gnu/8/include/immintrin.h:43,
                 from /usr/lib/gcc/x86_64-linux-gnu/8/include/x86intrin.h:48,
                 from /source/mminer/xmrig/build/CMakeFiles/CMakeTmp/src.c:1:
/usr/lib/gcc/x86_64-linux-gnu/8/include/avx2intrin.h:913:1: error: inlining failed in call to always_inline ‘_mm256_xor_si256’: target specific option mismatch
 _mm256_xor_si256 (__m256i __A, __m256i __B)
 ^~~~~~~~~~~~~~~~
/source/mminer/xmrig/build/CMakeFiles/CMakeTmp/src.c:5:12: note: called from here
     *dst = _mm256_xor_si256(*a, *b);
            ^~~~~~~~~~~~~~~~~~~~~~~~
make[1]: *** [CMakeFiles/cmTC_86e69.dir/build.make:66: CMakeFiles/cmTC_86e69.dir/src.c.o] Error 1
make[1]: Leaving directory '/source/mminer/xmrig/build/CMakeFiles/CMakeTmp'
make: *** [Makefile:121: cmTC_86e69/fast] Error 2

Source file was:
#include <x86intrin.h>

void function_avx2(__m256i *dst, const __m256i *a, const __m256i *b)
{
    *dst = _mm256_xor_si256(*a, *b);
}

int main(void) { return 0; }

Performing C SOURCE FILE Test FEATURE_avx512f_NOFLAG failed with the following output:
Change Dir: /source/mminer/xmrig/build/CMakeFiles/CMakeTmp

Run Build Command:"/usr/bin/make" "cmTC_77b9a/fast"
/usr/bin/make -f CMakeFiles/cmTC_77b9a.dir/build.make CMakeFiles/cmTC_77b9a.dir/build
make[1]: Entering directory '/source/mminer/xmrig/build/CMakeFiles/CMakeTmp'
Building C object CMakeFiles/cmTC_77b9a.dir/src.c.o
/usr/bin/cc   -Wall -Wno-strict-aliasing -maes -DFEATURE_avx512f_NOFLAG   -o CMakeFiles/cmTC_77b9a.dir/src.c.o   -c /source/mminer/xmrig/build/CMakeFiles/CMakeTmp/src.c
In file included from /usr/lib/gcc/x86_64-linux-gnu/8/include/immintrin.h:45,
                 from /usr/lib/gcc/x86_64-linux-gnu/8/include/x86intrin.h:48,
                 from /source/mminer/xmrig/build/CMakeFiles/CMakeTmp/src.c:1:
/source/mminer/xmrig/build/CMakeFiles/CMakeTmp/src.c: In function ‘function_avx512f’:
/usr/lib/gcc/x86_64-linux-gnu/8/include/avx512fintrin.h:154:1: error: inlining failed in call to always_inline ‘_mm512_undefined_epi32’: target specific option mismatch
 _mm512_undefined_epi32 (void)
 ^~~~~~~~~~~~~~~~~~~~~~
/source/mminer/xmrig/build/CMakeFiles/CMakeTmp/src.c:5:12: note: called from here
     *dst = _mm512_ror_epi64(*a, 57);
            ^~~~~~~~~~~~~~~~
make[1]: *** [CMakeFiles/cmTC_77b9a.dir/build.make:66: CMakeFiles/cmTC_77b9a.dir/src.c.o] Error 1
make[1]: Leaving directory '/source/mminer/xmrig/build/CMakeFiles/CMakeTmp'
make: *** [Makefile:121: cmTC_77b9a/fast] Error 2

Source file was:
#include <x86intrin.h>

void function_avx512f(__m512i *dst, const __m512i *a)
{
    *dst = _mm512_ror_epi64(*a, 57);
}

int main(void) { return 0; }

